<?xml version="1.0" encoding="UTF-8"?>
<testng-results skipped="0" failed="1" total="1" passed="0">
  <reporter-output>
  </reporter-output>
  <suite name="Suite" duration-ms="7031" started-at="2016-07-11T13:41:00Z" finished-at="2016-07-11T13:41:07Z">
    <groups>
    </groups>
    <test name="Sanity in GC" duration-ms="7031" started-at="2016-07-11T13:41:00Z" finished-at="2016-07-11T13:41:07Z">
      <class name="abc.LinksDemo">
        <test-method status="PASS" signature="setUp(java.lang.String)" name="setUp" is-config="true" duration-ms="6434" started-at="2016-07-11T13:41:00Z" finished-at="2016-07-11T13:41:06Z">
          <params>
            <param index="0">
              <value>
                <![CDATA[FF]]>
              </value>
            </param>
          </params>
        </test-method>
        <test-method status="FAIL" signature="links()" name="links" duration-ms="161" started-at="2016-07-11T13:41:06Z" finished-at="2016-07-11T13:41:07Z">
          <exception class="java.lang.AssertionError">
            <message>
              <![CDATA[expected:<The URL you requested has been blocked> but was:<Selenium - Web Browser Automation>]]>
            </message>
            <full-stacktrace>
              <![CDATA[java.lang.AssertionError: expected:<The URL you requested has been blocked> but was:<Selenium - Web Browser Automation>
	at org.testng.Assert.fail(Assert.java:89)
	at org.testng.Assert.failNotEquals(Assert.java:480)
	at org.testng.Assert.assertEquals(Assert.java:118)
	at org.testng.Assert.assertEquals(Assert.java:171)
	at org.testng.Assert.assertEquals(Assert.java:181)
	at abc.LinksDemo.links(LinksDemo.java:25)
	at sun.reflect.NativeMethodAccessorImpl.invoke0(Native Method)
	at sun.reflect.NativeMethodAccessorImpl.invoke(Unknown Source)
	at sun.reflect.DelegatingMethodAccessorImpl.invoke(Unknown Source)
	at java.lang.reflect.Method.invoke(Unknown Source)
	at org.testng.internal.MethodInvocationHelper.invokeMethod(MethodInvocationHelper.java:74)
	at org.testng.internal.Invoker.invokeMethod(Invoker.java:673)
	at org.testng.internal.Invoker.invokeTestMethod(Invoker.java:846)
	at org.testng.internal.Invoker.invokeTestMethods(Invoker.java:1170)
	at org.testng.internal.TestMethodWorker.invokeTestMethods(TestMethodWorker.java:125)
	at org.testng.internal.TestMethodWorker.run(TestMethodWorker.java:109)
	at org.testng.TestRunner.runWorkers(TestRunner.java:1147)
	at org.testng.TestRunner.privateRun(TestRunner.java:749)
	at org.testng.TestRunner.run(TestRunner.java:600)
	at org.testng.SuiteRunner.runTest(SuiteRunner.java:317)
	at org.testng.SuiteRunner.access$000(SuiteRunner.java:34)
	at org.testng.SuiteRunner$SuiteWorker.run(SuiteRunner.java:351)
	at org.testng.internal.thread.ThreadUtil$CountDownLatchedRunnable.run(ThreadUtil.java:147)
	at java.util.concurrent.ThreadPoolExecutor.runWorker(Unknown Source)
	at java.util.concurrent.ThreadPoolExecutor$Worker.run(Unknown Source)
	at java.lang.Thread.run(Unknown Source)
]]>
            </full-stacktrace>
          </exception>
        </test-method>
        <test-method status="PASS" signature="tearDown()" name="tearDown" is-config="true" duration-ms="428" started-at="2016-07-11T13:41:07Z" finished-at="2016-07-11T13:41:07Z">
        </test-method>
      </class>
    </test>
  </suite>
</testng-results>
